{
  "RSpec": {
    "coverage": {
      "/Users/nweiland/Dropbox/Turing/projects/rails_purgatory/spec/features/user_logs_in_first_time_and_goes_to_onboarding_spec.rb": [
        1,
        null,
        1,
        1,
        1,
        1,
        null,
        1,
        1,
        1,
        1,
        1,
        1,
        null,
        1,
        null,
        0,
        null,
        0,
        null,
        0,
        null,
        0,
        null,
        0,
        null,
        0,
        null,
        0,
        null,
        0,
        null,
        null,
        null
      ],
      "/Users/nweiland/Dropbox/Turing/projects/rails_purgatory/spec/rails_helper.rb": [
        1,
        1,
        null,
        1,
        1,
        1,
        1,
        1,
        1,
        1,
        null,
        5,
        null,
        1,
        null,
        1,
        1,
        1,
        1,
        1,
        null
      ],
      "/Users/nweiland/Dropbox/Turing/projects/rails_purgatory/config/environment.rb": [
        null,
        1,
        null,
        null,
        1
      ],
      "/Users/nweiland/Dropbox/Turing/projects/rails_purgatory/config/application.rb": [
        1,
        null,
        1,
        null,
        null,
        null,
        1,
        null,
        1,
        1,
        null,
        null,
        null,
        null,
        null,
        null,
        null,
        null,
        null,
        null,
        null,
        null,
        null,
        1,
        null,
        null
      ],
      "/Users/nweiland/Dropbox/Turing/projects/rails_purgatory/config/boot.rb": [
        1,
        null,
        1
      ],
      "/Users/nweiland/Dropbox/Turing/projects/rails_purgatory/config/environments/test.rb": [
        1,
        null,
        null,
        null,
        null,
        null,
        null,
        1,
        null,
        null,
        null,
        null,
        1,
        null,
        null,
        1,
        1,
        null,
        null,
        1,
        1,
        null,
        null,
        1,
        null,
        null,
        1,
        null,
        null,
        null,
        null,
        1,
        null,
        null,
        1,
        null,
        null,
        1,
        null,
        null,
        null,
        null
      ],
      "/Users/nweiland/Dropbox/Turing/projects/rails_purgatory/config/initializers/assets.rb": [
        null,
        null,
        null,
        1,
        1,
        null,
        null,
        null,
        null,
        null,
        null,
        null
      ],
      "/Users/nweiland/Dropbox/Turing/projects/rails_purgatory/config/initializers/backtrace_silencers.rb": [
        null,
        null,
        null,
        null,
        null,
        null,
        null
      ],
      "/Users/nweiland/Dropbox/Turing/projects/rails_purgatory/config/initializers/cookies_serializer.rb": [
        null,
        null,
        1
      ],
      "/Users/nweiland/Dropbox/Turing/projects/rails_purgatory/config/initializers/filter_parameter_logging.rb": [
        null,
        null,
        null,
        1
      ],
      "/Users/nweiland/Dropbox/Turing/projects/rails_purgatory/config/initializers/inflections.rb": [
        null,
        null,
        null,
        null,
        null,
        null,
        null,
        null,
        null,
        null,
        null,
        null,
        null,
        null,
        null,
        null
      ],
      "/Users/nweiland/Dropbox/Turing/projects/rails_purgatory/config/initializers/mime_types.rb": [
        null,
        null,
        null,
        null
      ],
      "/Users/nweiland/Dropbox/Turing/projects/rails_purgatory/config/initializers/omniauth.rb": [
        1,
        1,
        null
      ],
      "/Users/nweiland/Dropbox/Turing/projects/rails_purgatory/config/initializers/session_store.rb": [
        null,
        null,
        1
      ],
      "/Users/nweiland/Dropbox/Turing/projects/rails_purgatory/config/initializers/wrap_parameters.rb": [
        null,
        null,
        null,
        null,
        null,
        null,
        1,
        1,
        null,
        null,
        null,
        null,
        null,
        null
      ],
      "/Users/nweiland/Dropbox/Turing/projects/rails_purgatory/config/routes.rb": [
        1,
        1,
        1,
        1,
        1,
        null,
        1,
        1,
        null,
        null
      ],
      "/Users/nweiland/Dropbox/Turing/projects/rails_purgatory/app/helpers/application_helper.rb": [
        1,
        null
      ],
      "/Users/nweiland/Dropbox/Turing/projects/rails_purgatory/spec/support/database_cleaner.rb": [
        1,
        1,
        1,
        1,
        null,
        null,
        1,
        2,
        2,
        null,
        null,
        null
      ],
      "/Users/nweiland/Dropbox/Turing/projects/rails_purgatory/spec/support/factory_girl.rb": [
        1,
        1,
        null
      ],
      "/Users/nweiland/Dropbox/Turing/projects/rails_purgatory/spec/support/shoulda_matchers.rb": [
        1,
        1,
        1,
        null,
        1,
        null,
        null
      ],
      "/Users/nweiland/Dropbox/Turing/projects/rails_purgatory/spec/support/vcr.rb": [
        1,
        1,
        1,
        null
      ],
      "/Users/nweiland/Dropbox/Turing/projects/rails_purgatory/spec/features/user_logs_in_spec.rb": [
        1,
        null,
        1,
        1,
        1,
        1,
        1,
        1,
        1,
        1,
        null,
        null,
        null
      ],
      "/Users/nweiland/Dropbox/Turing/projects/rails_purgatory/spec/models/comment_spec.rb": [
        1,
        null,
        1,
        null
      ],
      "/Users/nweiland/Dropbox/Turing/projects/rails_purgatory/app/models/comment.rb": [
        1,
        1,
        1,
        null,
        1,
        null
      ],
      "/Users/nweiland/Dropbox/Turing/projects/rails_purgatory/spec/models/submission_spec.rb": [
        1,
        null,
        1,
        null
      ],
      "/Users/nweiland/Dropbox/Turing/projects/rails_purgatory/app/models/submission.rb": [
        1,
        1,
        1,
        1,
        null
      ],
      "/Users/nweiland/Dropbox/Turing/projects/rails_purgatory/spec/models/user_exercise_spec.rb": [
        1,
        null,
        1,
        null
      ],
      "/Users/nweiland/Dropbox/Turing/projects/rails_purgatory/app/models/user_exercise.rb": [
        1,
        1,
        null,
        1,
        null
      ],
      "/Users/nweiland/Dropbox/Turing/projects/rails_purgatory/spec/models/user_spec.rb": [
        1,
        null,
        1,
        null
      ],
      "/Users/nweiland/Dropbox/Turing/projects/rails_purgatory/app/models/user.rb": [
        1,
        1,
        1,
        1,
        null,
        1,
        2,
        2,
        2,
        2,
        2,
        2,
        2,
        null,
        null,
        null,
        1,
        2,
        null,
        null,
        1,
        2,
        null,
        null
      ],
      "/Users/nweiland/Dropbox/Turing/projects/rails_purgatory/app/controllers/static_pages_controller.rb": [
        1,
        1,
        null,
        null
      ],
      "/Users/nweiland/Dropbox/Turing/projects/rails_purgatory/app/controllers/application_controller.rb": [
        1,
        1,
        1,
        null,
        1,
        1,
        10,
        null,
        null
      ],
      "/Users/nweiland/Dropbox/Turing/projects/rails_purgatory/app/controllers/sessions_controller.rb": [
        1,
        1,
        2,
        2,
        2,
        2,
        2,
        null,
        2,
        2,
        null,
        0,
        null,
        null,
        null,
        1,
        0,
        0,
        null,
        null
      ],
      "/Users/nweiland/Dropbox/Turing/projects/rails_purgatory/app/controllers/users_controller.rb": [
        1,
        1,
        null,
        null,
        1,
        null,
        null,
        null
      ],
      "/Users/nweiland/Dropbox/Turing/projects/rails_purgatory/app/services/github_service.rb": [
        1,
        null,
        1,
        1,
        1,
        1,
        null,
        null,
        1,
        0,
        null,
        null,
        1,
        0,
        0,
        null,
        null,
        1,
        1,
        0,
        null,
        null,
        1,
        1,
        null,
        null
      ]
    },
    "timestamp": 1461032649
  }
}
